<?xml version="1.0" encoding="UTF-8"?>
<!-- Generated by org.testng.reporters.JUnitXMLReporter -->
<testsuite ignored="0" hostname="DESKTOP-7FJDA2N" failures="0" tests="5" name="OpenCartTest" time="50.433" errors="0" timestamp="2023-02-23T20:18:27 IST">
  <testcase classname="Testcases.TC_003_LoginDataDrivenTest" name="test_LoginDDT" time="2.818"/>
  <testcase classname="Testcases.TC_003_LoginDataDrivenTest" name="test_LoginDDT" time="11.62"/>
  <testcase classname="Testcases.TC_003_LoginDataDrivenTest" name="test_LoginDDT" time="11.738"/>
  <testcase classname="Testcases.TC_003_LoginDataDrivenTest" name="test_LoginDDT" time="11.085"/>
  <testcase classname="Testcases.TC_003_LoginDataDrivenTest" name="test_LoginDDT" time="1.862"/>
</testsuite> <!-- OpenCartTest -->
