<?xml version="1.0" encoding="UTF-8"?>
<testng-results ignored="0" total="5" passed="5" failed="0" skipped="0">
  <reporter-output>
  </reporter-output>
  <suite started-at="2023-02-23T20:17:36 IST" name="OpenCartSuite" finished-at="2023-02-23T20:18:26 IST" duration-ms="50433">
    <groups>
    </groups>
    <test started-at="2023-02-23T20:17:36 IST" name="OpenCartTest" finished-at="2023-02-23T20:18:26 IST" duration-ms="50433">
      <class name="Testcases.TC_003_LoginDataDrivenTest">
        <test-method is-config="true" signature="setup(java.lang.String)[pri:0, instance:Testcases.TC_003_LoginDataDrivenTest@25ce9dc4]" started-at="2023-02-23T20:17:36 IST" name="setup" finished-at="2023-02-23T20:17:44 IST" duration-ms="8137" status="PASS">
          <params>
            <param index="0">
              <value>
                <![CDATA[chrome]]>
              </value>
            </param>
          </params>
          <reporter-output>
          </reporter-output>
        </test-method> <!-- setup -->
        <test-method signature="test_LoginDDT(java.lang.String,java.lang.String,java.lang.String)[pri:0, instance:Testcases.TC_003_LoginDataDrivenTest@25ce9dc4]" started-at="2023-02-23T20:17:46 IST" name="test_LoginDDT" data-provider="LoginData" finished-at="2023-02-23T20:17:49 IST" duration-ms="2818" status="PASS">
          <params>
            <param index="0">
              <value>
                <![CDATA[eswari999@gmail.com]]>
              </value>
            </param>
            <param index="1">
              <value>
                <![CDATA[Abhi123456]]>
              </value>
            </param>
            <param index="2">
              <value>
                <![CDATA[Valid]]>
              </value>
            </param>
          </params>
          <reporter-output>
          </reporter-output>
        </test-method> <!-- test_LoginDDT -->
        <test-method signature="test_LoginDDT(java.lang.String,java.lang.String,java.lang.String)[pri:0, instance:Testcases.TC_003_LoginDataDrivenTest@25ce9dc4]" started-at="2023-02-23T20:17:49 IST" name="test_LoginDDT" data-provider="LoginData" finished-at="2023-02-23T20:18:01 IST" duration-ms="11620" status="PASS">
          <params>
            <param index="0">
              <value>
                <![CDATA[lakshmi14@yahoo.com]]>
              </value>
            </param>
            <param index="1">
              <value>
                <![CDATA[L123456]]>
              </value>
            </param>
            <param index="2">
              <value>
                <![CDATA[Invalid]]>
              </value>
            </param>
          </params>
          <reporter-output>
          </reporter-output>
        </test-method> <!-- test_LoginDDT -->
        <test-method signature="test_LoginDDT(java.lang.String,java.lang.String,java.lang.String)[pri:0, instance:Testcases.TC_003_LoginDataDrivenTest@25ce9dc4]" started-at="2023-02-23T20:18:01 IST" name="test_LoginDDT" data-provider="LoginData" finished-at="2023-02-23T20:18:12 IST" duration-ms="11738" status="PASS">
          <params>
            <param index="0">
              <value>
                <![CDATA[laksh25@yahoo.com]]>
              </value>
            </param>
            <param index="1">
              <value>
                <![CDATA[LLakshmi]]>
              </value>
            </param>
            <param index="2">
              <value>
                <![CDATA[Invalid]]>
              </value>
            </param>
          </params>
          <reporter-output>
          </reporter-output>
        </test-method> <!-- test_LoginDDT -->
        <test-method signature="test_LoginDDT(java.lang.String,java.lang.String,java.lang.String)[pri:0, instance:Testcases.TC_003_LoginDataDrivenTest@25ce9dc4]" started-at="2023-02-23T20:18:12 IST" name="test_LoginDDT" data-provider="LoginData" finished-at="2023-02-23T20:18:23 IST" duration-ms="11085" status="PASS">
          <params>
            <param index="0">
              <value>
                <![CDATA[laks@yahoo.com]]>
              </value>
            </param>
            <param index="1">
              <value>
                <![CDATA[xyz]]>
              </value>
            </param>
            <param index="2">
              <value>
                <![CDATA[Invalid]]>
              </value>
            </param>
          </params>
          <reporter-output>
          </reporter-output>
        </test-method> <!-- test_LoginDDT -->
        <test-method signature="test_LoginDDT(java.lang.String,java.lang.String,java.lang.String)[pri:0, instance:Testcases.TC_003_LoginDataDrivenTest@25ce9dc4]" started-at="2023-02-23T20:18:23 IST" name="test_LoginDDT" data-provider="LoginData" finished-at="2023-02-23T20:18:25 IST" duration-ms="1862" status="PASS">
          <params>
            <param index="0">
              <value>
                <![CDATA[premsagar869@gmail.com]]>
              </value>
            </param>
            <param index="1">
              <value>
                <![CDATA[Abhi@123456]]>
              </value>
            </param>
            <param index="2">
              <value>
                <![CDATA[Valid]]>
              </value>
            </param>
          </params>
          <reporter-output>
          </reporter-output>
        </test-method> <!-- test_LoginDDT -->
        <test-method is-config="true" signature="teardown()[pri:0, instance:Testcases.TC_003_LoginDataDrivenTest@25ce9dc4]" started-at="2023-02-23T20:18:25 IST" name="teardown" finished-at="2023-02-23T20:18:26 IST" duration-ms="920" status="PASS">
          <reporter-output>
          </reporter-output>
        </test-method> <!-- teardown -->
      </class> <!-- Testcases.TC_003_LoginDataDrivenTest -->
    </test> <!-- OpenCartTest -->
  </suite> <!-- OpenCartSuite -->
</testng-results>
