<?xml version="1.0" encoding="UTF-8"?>
<!-- Generated by org.testng.reporters.JUnitXMLReporter -->
<testsuite ignored="0" hostname="DESKTOP-7FJDA2N" failures="0" tests="5" name="OpenCartTest" time="46.725" errors="0" timestamp="2023-02-22T23:34:19 IST">
  <testcase classname="Testcases.TC_003_LoginDataDrivenTest" name="test_LoginDDT" time="2.445"/>
  <testcase classname="Testcases.TC_003_LoginDataDrivenTest" name="test_LoginDDT" time="11.12"/>
  <testcase classname="Testcases.TC_003_LoginDataDrivenTest" name="test_LoginDDT" time="11.004"/>
  <testcase classname="Testcases.TC_003_LoginDataDrivenTest" name="test_LoginDDT" time="11.066"/>
  <testcase classname="Testcases.TC_003_LoginDataDrivenTest" name="test_LoginDDT" time="1.584"/>
</testsuite> <!-- OpenCartTest -->
